  arch.c
D:\project\CPUEmulator\core\core_unicorn\core.h(33,2): error C2061: 语法错误: 标识符“MEM_LIST”
D:\project\CPUEmulator\core\core_unicorn\core.h(36,1): error C2059: 语法错误:“}”
D:\project\CPUEmulator\core\core_unicorn\core.h(44,53): error C2146: 语法错误: 缺少“)”(在标识符“pEngine”的前面)
D:\project\CPUEmulator\core\core_unicorn\core.h(44,53): error C2061: 语法错误: 标识符“pEngine”
D:\project\CPUEmulator\core\core_unicorn\core.h(44,53): error C2059: 语法错误:“;”
D:\project\CPUEmulator\core\core_unicorn\core.h(44,60): error C2059: 语法错误:“,”
D:\project\CPUEmulator\core\core_unicorn\core.h(44,88): error C2059: 语法错误:“)”
D:\project\CPUEmulator\core\core_unicorn\arch\arch.h(21,45): error C2146: 语法错误: 缺少“)”(在标识符“pEngine”的前面)
D:\project\CPUEmulator\core\core_unicorn\arch\arch.h(21,45): error C2061: 语法错误: 标识符“pEngine”
D:\project\CPUEmulator\core\core_unicorn\arch\arch.h(21,45): error C2059: 语法错误:“;”
D:\project\CPUEmulator\core\core_unicorn\arch\arch.h(21,52): error C2059: 语法错误:“,”
D:\project\CPUEmulator\core\core_unicorn\arch\arch.h(21,76): error C2059: 语法错误:“)”
D:\project\CPUEmulator\core\core_unicorn\arch\arch.c(3,45): error C2146: 语法错误: 缺少“)”(在标识符“pEngine”的前面)
D:\project\CPUEmulator\core\core_unicorn\arch\arch.c(3,45): error C2061: 语法错误: 标识符“pEngine”
D:\project\CPUEmulator\core\core_unicorn\arch\arch.c(3,45): error C2059: 语法错误:“;”
D:\project\CPUEmulator\core\core_unicorn\arch\arch.c(3,52): error C2059: 语法错误:“,”
D:\project\CPUEmulator\core\core_unicorn\arch\arch.c(3,76): error C2059: 语法错误:“)”
  core.c
D:\project\CPUEmulator\core\core_unicorn\core.h(33,2): error C2061: 语法错误: 标识符“MEM_LIST”
D:\project\CPUEmulator\core\core_unicorn\core.h(36,1): error C2059: 语法错误:“}”
D:\project\CPUEmulator\core\core_unicorn\core.h(44,53): error C2146: 语法错误: 缺少“)”(在标识符“pEngine”的前面)
D:\project\CPUEmulator\core\core_unicorn\core.h(44,53): error C2061: 语法错误: 标识符“pEngine”
D:\project\CPUEmulator\core\core_unicorn\core.h(44,53): error C2059: 语法错误:“;”
D:\project\CPUEmulator\core\core_unicorn\core.h(44,60): error C2059: 语法错误:“,”
D:\project\CPUEmulator\core\core_unicorn\core.h(44,88): error C2059: 语法错误:“)”
D:\project\CPUEmulator\core\core_unicorn\core.c(3,53): error C2146: 语法错误: 缺少“)”(在标识符“pEngine”的前面)
D:\project\CPUEmulator\core\core_unicorn\core.c(3,53): error C2061: 语法错误: 标识符“pEngine”
D:\project\CPUEmulator\core\core_unicorn\core.c(3,53): error C2059: 语法错误:“;”
D:\project\CPUEmulator\core\core_unicorn\core.c(3,60): error C2059: 语法错误:“,”
D:\project\CPUEmulator\core\core_unicorn\core.c(3,88): error C2059: 语法错误:“)”
  mem.c
D:\project\CPUEmulator\core\core_unicorn\core.h(33,2): error C2061: 语法错误: 标识符“MEM_LIST”
D:\project\CPUEmulator\core\core_unicorn\core.h(36,1): error C2059: 语法错误:“}”
D:\project\CPUEmulator\core\core_unicorn\core.h(44,53): error C2146: 语法错误: 缺少“)”(在标识符“pEngine”的前面)
D:\project\CPUEmulator\core\core_unicorn\core.h(44,53): error C2061: 语法错误: 标识符“pEngine”
D:\project\CPUEmulator\core\core_unicorn\core.h(44,53): error C2059: 语法错误:“;”
D:\project\CPUEmulator\core\core_unicorn\core.h(44,60): error C2059: 语法错误:“,”
D:\project\CPUEmulator\core\core_unicorn\core.h(44,88): error C2059: 语法错误:“)”
D:\project\CPUEmulator\core\core_unicorn\mem\mem.h(8,2): error C2061: 语法错误: 标识符“LIST_ENTRY”
D:\project\CPUEmulator\core\core_unicorn\mem\mem.h(15,1): error C2059: 语法错误:“}”
D:\project\CPUEmulator\core\core_unicorn\mem\mem.c(3,41): error C2146: 语法错误: 缺少“)”(在标识符“pEngine”的前面)
D:\project\CPUEmulator\core\core_unicorn\mem\mem.c(3,41): error C2061: 语法错误: 标识符“pEngine”
D:\project\CPUEmulator\core\core_unicorn\mem\mem.c(3,41): error C2059: 语法错误:“;”
D:\project\CPUEmulator\core\core_unicorn\mem\mem.c(3,48): error C2059: 语法错误:“,”
D:\project\CPUEmulator\core\core_unicorn\mem\mem.c(3,67): error C2059: 语法错误:“)”
D:\project\CPUEmulator\core\core_unicorn\mem\mem.c(16,44): error C2146: 语法错误: 缺少“)”(在标识符“pEngine”的前面)
D:\project\CPUEmulator\core\core_unicorn\mem\mem.c(16,44): error C2061: 语法错误: 标识符“pEngine”
D:\project\CPUEmulator\core\core_unicorn\mem\mem.c(16,44): error C2059: 语法错误:“;”
D:\project\CPUEmulator\core\core_unicorn\mem\mem.c(16,51): error C2059: 语法错误:“)”
D:\project\CPUEmulator\core\core_unicorn\mem\mem.c(17,1): error C2449: 在文件范围内找到“{”(是否缺少函数头?)
D:\project\CPUEmulator\core\core_unicorn\mem\mem.c(23,1): error C2059: 语法错误:“}”
D:\project\CPUEmulator\core\core_unicorn\mem\mem.c(30,45): error C2146: 语法错误: 缺少“)”(在标识符“pEngine”的前面)
D:\project\CPUEmulator\core\core_unicorn\mem\mem.c(30,45): error C2061: 语法错误: 标识符“pEngine”
D:\project\CPUEmulator\core\core_unicorn\mem\mem.c(30,45): error C2059: 语法错误:“;”
D:\project\CPUEmulator\core\core_unicorn\mem\mem.c(30,52): error C2059: 语法错误:“)”
D:\project\CPUEmulator\core\core_unicorn\mem\mem.c(31,1): error C2449: 在文件范围内找到“{”(是否缺少函数头?)
D:\project\CPUEmulator\core\core_unicorn\mem\mem.c(33,1): error C2059: 语法错误:“}”
  public.c
D:\project\CPUEmulator\core\core_unicorn\core.h(33,2): error C2061: 语法错误: 标识符“MEM_LIST”
D:\project\CPUEmulator\core\core_unicorn\core.h(36,1): error C2059: 语法错误:“}”
D:\project\CPUEmulator\core\core_unicorn\core.h(44,53): error C2146: 语法错误: 缺少“)”(在标识符“pEngine”的前面)
D:\project\CPUEmulator\core\core_unicorn\core.h(44,53): error C2061: 语法错误: 标识符“pEngine”
D:\project\CPUEmulator\core\core_unicorn\core.h(44,53): error C2059: 语法错误:“;”
D:\project\CPUEmulator\core\core_unicorn\core.h(44,60): error C2059: 语法错误:“,”
D:\project\CPUEmulator\core\core_unicorn\core.h(44,88): error C2059: 语法错误:“)”
  reg.c
D:\project\CPUEmulator\core\core_unicorn\core.h(33,2): error C2061: 语法错误: 标识符“MEM_LIST”
D:\project\CPUEmulator\core\core_unicorn\core.h(36,1): error C2059: 语法错误:“}”
D:\project\CPUEmulator\core\core_unicorn\core.h(44,53): error C2146: 语法错误: 缺少“)”(在标识符“pEngine”的前面)
D:\project\CPUEmulator\core\core_unicorn\core.h(44,53): error C2061: 语法错误: 标识符“pEngine”
D:\project\CPUEmulator\core\core_unicorn\core.h(44,53): error C2059: 语法错误:“;”
D:\project\CPUEmulator\core\core_unicorn\core.h(44,60): error C2059: 语法错误:“,”
D:\project\CPUEmulator\core\core_unicorn\core.h(44,88): error C2059: 语法错误:“)”
D:\project\CPUEmulator\core\core_unicorn\reg\reg.c(17,44): error C2146: 语法错误: 缺少“)”(在标识符“pEngine”的前面)
D:\project\CPUEmulator\core\core_unicorn\reg\reg.c(17,44): error C2061: 语法错误: 标识符“pEngine”
D:\project\CPUEmulator\core\core_unicorn\reg\reg.c(17,44): error C2059: 语法错误:“;”
D:\project\CPUEmulator\core\core_unicorn\reg\reg.c(17,51): error C2059: 语法错误:“)”
D:\project\CPUEmulator\core\core_unicorn\reg\reg.c(18,1): error C2449: 在文件范围内找到“{”(是否缺少函数头?)
D:\project\CPUEmulator\core\core_unicorn\reg\reg.c(29,1): error C2059: 语法错误:“}”
  正在生成代码...
